{
  "protocol": {
    "processed": "data\\processed\\train_cached_func_esm2.pt",
    "fold_manifest": "data\\folds\\train_cdhit080_fallback_folds.csv",
    "num_folds": 5,
    "num_samples": 6387,
    "threshold_selection": "all OOF predictions maximize mcc",
    "mc_dropout_samples": 5
  },
  "fold_metrics_at_0.5": [
    {
      "fold": 0,
      "checkpoint": "runs\\sequence_1d_bilstm_groupfold_fold0\\best_model.pt",
      "checkpoint_epoch": 12,
      "accuracy": 0.943351691581432,
      "balanced_accuracy": 0.921001542229883,
      "precision": 0.9296187683284457,
      "recall": 0.8684931506849315,
      "f1": 0.8980169971671388,
      "mcc": 0.8598160539267614,
      "auroc": 0.9765974175209411,
      "auprc": 0.9531849447315074
    },
    {
      "fold": 1,
      "checkpoint": "runs\\sequence_1d_bilstm_groupfold_fold1\\best_model.pt",
      "checkpoint_epoch": 15,
      "accuracy": 0.9324654190398698,
      "balanced_accuracy": 0.9148222733665772,
      "precision": 0.8945868945868946,
      "recall": 0.8722222222222222,
      "f1": 0.8832630098452883,
      "mcc": 0.8358962662241054,
      "auroc": 0.9708077611558624,
      "auprc": 0.9356193620952266
    },
    {
      "fold": 2,
      "checkpoint": "runs\\sequence_1d_bilstm_groupfold_fold2\\best_model.pt",
      "checkpoint_epoch": 6,
      "accuracy": 0.9371563236449332,
      "balanced_accuracy": 0.9159953071201892,
      "precision": 0.9035087719298246,
      "recall": 0.8679775280898876,
      "f1": 0.8853868194842407,
      "mcc": 0.842442368192835,
      "auroc": 0.9735305649835198,
      "auprc": 0.9464270988720725
    },
    {
      "fold": 3,
      "checkpoint": "runs\\sequence_1d_bilstm_groupfold_fold3\\best_model.pt",
      "checkpoint_epoch": 6,
      "accuracy": 0.9403563129357088,
      "balanced_accuracy": 0.9221636434039258,
      "precision": 0.9034090909090909,
      "recall": 0.8808864265927978,
      "f1": 0.8920056100981768,
      "mcc": 0.8509455515877465,
      "auroc": 0.9711196497185238,
      "auprc": 0.9476697908281071
    },
    {
      "fold": 4,
      "checkpoint": "runs\\sequence_1d_bilstm_groupfold_fold4\\best_model.pt",
      "checkpoint_epoch": 4,
      "accuracy": 0.9259259259259259,
      "balanced_accuracy": 0.9025548203734077,
      "precision": 0.8861111111111111,
      "recall": 0.848404255319149,
      "f1": 0.8668478260869565,
      "mcc": 0.8159424818032989,
      "auroc": 0.966883102293918,
      "auprc": 0.9270304829003126
    }
  ],
  "aggregate_at_0.5": {
    "accuracy": 0.9358071081885079,
    "balanced_accuracy": 0.9152241717934104,
    "precision": 0.9032073310423826,
    "recall": 0.8674367436743674,
    "f1": 0.8849607182940517,
    "mcc": 0.8407990992624926,
    "auroc": 0.9629250405889791,
    "auprc": 0.9246629204052703
  },
  "oof_threshold": 0.5,
  "aggregate_at_oof_threshold": {
    "accuracy": 0.9358071081885079,
    "balanced_accuracy": 0.9152241717934104,
    "precision": 0.9032073310423826,
    "recall": 0.8674367436743674,
    "f1": 0.8849607182940517,
    "mcc": 0.8407990992624926,
    "auroc": 0.9629250405889791,
    "auprc": 0.9246629204052703
  }
}
{
  "protocol": {
    "processed": "data\\processed\\train_cached_func_esm2_atom.pt",
    "fold_manifest": "data\\folds\\train_cdhit080_fallback_folds.csv",
    "num_folds": 5,
    "num_samples": 6387,
    "threshold_selection": "all OOF predictions maximize mcc",
    "mc_dropout_samples": 5
  },
  "fold_metrics_at_0.5": [
    {
      "fold": 0,
      "checkpoint": "runs\\sequence_atom_groupfold_fold0\\best_model.pt",
      "checkpoint_epoch": 14,
      "accuracy": 0.9370574350904799,
      "balanced_accuracy": 0.9092246514862863,
      "precision": 0.9305135951661632,
      "recall": 0.8438356164383561,
      "f1": 0.8850574712643678,
      "mcc": 0.8437706031518213,
      "auroc": 0.9733557107865373,
      "auprc": 0.9499975136393392
    },
    {
      "fold": 1,
      "checkpoint": "runs\\sequence_atom_groupfold_fold1\\best_model.pt",
      "checkpoint_epoch": 16,
      "accuracy": 0.9292107404393816,
      "balanced_accuracy": 0.9076396880194348,
      "precision": 0.8979591836734694,
      "recall": 0.8555555555555555,
      "f1": 0.8762446657183499,
      "mcc": 0.8271869492897208,
      "auroc": 0.969386907045135,
      "auprc": 0.9320568491606012
    },
    {
      "fold": 2,
      "checkpoint": "runs\\sequence_atom_groupfold_fold2\\best_model.pt",
      "checkpoint_epoch": 21,
      "accuracy": 0.9418695993715632,
      "balanced_accuracy": 0.9235630353007487,
      "precision": 0.9075144508670521,
      "recall": 0.8820224719101124,
      "f1": 0.8945868945868946,
      "mcc": 0.8546332747498775,
      "auroc": 0.972973055763175,
      "auprc": 0.945229697371771
    },
    {
      "fold": 3,
      "checkpoint": "runs\\sequence_atom_groupfold_fold3\\best_model.pt",
      "checkpoint_epoch": 9,
      "accuracy": 0.9380325329202169,
      "balanced_accuracy": 0.9171611116075418,
      "precision": 0.9048991354466859,
      "recall": 0.8698060941828255,
      "f1": 0.8870056497175142,
      "mcc": 0.8446526567136436,
      "auroc": 0.969779286926995,
      "auprc": 0.9452339859296585
    },
    {
      "fold": 4,
      "checkpoint": "runs\\sequence_atom_groupfold_fold4\\best_model.pt",
      "checkpoint_epoch": 6,
      "accuracy": 0.9312169312169312,
      "balanced_accuracy": 0.9118633310117055,
      "precision": 0.888283378746594,
      "recall": 0.8670212765957447,
      "f1": 0.8775235531628532,
      "mcc": 0.8298317685624379,
      "auroc": 0.9595334651418814,
      "auprc": 0.9180387396841926
    }
  ],
  "aggregate_at_0.5": {
    "accuracy": 0.9354939721308909,
    "balanced_accuracy": 0.913846144955927,
    "precision": 0.9054209919261822,
    "recall": 0.8635863586358636,
    "f1": 0.884009009009009,
    "mcc": 0.8398183414994435,
    "auroc": 0.9612265395942089,
    "auprc": 0.9282064779392054
  },
  "oof_threshold": 0.479134,
  "aggregate_at_oof_threshold": {
    "accuracy": 0.9361202442461249,
    "balanced_accuracy": 0.9151118493333247,
    "precision": 0.9051724137931034,
    "recall": 0.8663366336633663,
    "f1": 0.8853288364249577,
    "mcc": 0.8414759038377981,
    "auroc": 0.9612265395942089,
    "auprc": 0.9282064779392054
  }
}
{
  "protocol": {
    "processed": "data\\processed\\train_cached_func_esm2.pt",
    "fold_manifest": "data\\folds\\train_cdhit080_fallback_folds.csv",
    "num_folds": 5,
    "num_samples": 6387,
    "threshold_selection": "all OOF predictions maximize mcc",
    "mc_dropout_samples": 5
  },
  "fold_metrics_at_0.5": [
    {
      "fold": 0,
      "checkpoint": "runs\\default_groupfold_control_fold0\\best_model.pt",
      "checkpoint_epoch": 20,
      "accuracy": 0.9441384736428009,
      "balanced_accuracy": 0.9182814720735433,
      "precision": 0.9427710843373494,
      "recall": 0.8575342465753425,
      "f1": 0.8981348637015782,
      "mcc": 0.8616032263033445,
      "auroc": 0.9734963258641024,
      "auprc": 0.9529280615950917
    },
    {
      "fold": 1,
      "checkpoint": "runs\\default_groupfold_control_fold1\\best_model.pt",
      "checkpoint_epoch": 6,
      "accuracy": 0.9104963384865744,
      "balanced_accuracy": 0.9017277202403784,
      "precision": 0.8255208333333334,
      "recall": 0.8805555555555555,
      "f1": 0.8521505376344086,
      "mcc": 0.7889127370103951,
      "auroc": 0.9620572816775347,
      "auprc": 0.9257995049800861
    },
    {
      "fold": 2,
      "checkpoint": "runs\\default_groupfold_control_fold2\\best_model.pt",
      "checkpoint_epoch": 11,
      "accuracy": 0.9324430479183032,
      "balanced_accuracy": 0.918738436278534,
      "precision": 0.8729281767955801,
      "recall": 0.8876404494382022,
      "f1": 0.8802228412256268,
      "mcc": 0.833237899868189,
      "auroc": 0.9746945952238002,
      "auprc": 0.9453228717718225
    },
    {
      "fold": 3,
      "checkpoint": "runs\\default_groupfold_control_fold3\\best_model.pt",
      "checkpoint_epoch": 10,
      "accuracy": 0.9372579395817195,
      "balanced_accuracy": 0.9259449557680279,
      "precision": 0.8783783783783784,
      "recall": 0.9002770083102493,
      "f1": 0.8891928864569083,
      "mcc": 0.8455667038075653,
      "auroc": 0.9686295535102613,
      "auprc": 0.9392479675083685
    },
    {
      "fold": 4,
      "checkpoint": "runs\\default_groupfold_control_fold4\\best_model.pt",
      "checkpoint_epoch": 24,
      "accuracy": 0.9297052154195011,
      "balanced_accuracy": 0.9116091689321261,
      "precision": 0.8814016172506739,
      "recall": 0.8696808510638298,
      "f1": 0.8755020080321285,
      "mcc": 0.8265678691117925,
      "auroc": 0.9647121930396099,
      "auprc": 0.9306407508976191
    }
  ],
  "aggregate_at_0.5": {
    "accuracy": 0.9309534992954439,
    "balanced_accuracy": 0.9153092262607745,
    "precision": 0.8785046728971962,
    "recall": 0.878987898789879,
    "f1": 0.878746219411603,
    "mcc": 0.8304809909145849,
    "auroc": 0.9584715694156415,
    "auprc": 0.9249919168794548
  },
  "oof_threshold": 0.72987,
  "aggregate_at_oof_threshold": {
    "accuracy": 0.9340848598716143,
    "balanced_accuracy": 0.9107085199655882,
    "precision": 0.906814210832848,
    "recall": 0.8564356435643564,
    "f1": 0.8809052333804809,
    "mcc": 0.8360411201547319,
    "auroc": 0.9584715694156415,
    "auprc": 0.9249919168794548
  }
}
{
  "protocol": {
    "route_files": [
      "runs\\oof\\triroute_1d_predictions.csv",
      "runs\\oof\\triroute_2d_predictions.csv",
      "runs\\oof\\triroute_3d_predictions.csv"
    ],
    "num_samples": 6387,
    "meta_folds": [
      0,
      1,
      2,
      3,
      4
    ],
    "selection_data": "fixed group-aware OOF predictions only",
    "test_labels_used": false,
    "confidence_target": "probability assigned to the true label"
  },
  "baselines": {
    "one_dimensional": {
      "at_0.5": {
        "accuracy": 0.9358071081885079,
        "balanced_accuracy": 0.9152241717934104,
        "precision": 0.9032073310423826,
        "recall": 0.8674367436743674,
        "f1": 0.8849607182940517,
        "mcc": 0.8407990992624926,
        "auroc": 0.959475489024061,
        "auprc": 0.9201183685361211
      },
      "calibration": {
        "brier": 0.05731510743498802,
        "ece_10": 0.03277527797035873
      },
      "oof_mcc_threshold": 0.5,
      "at_oof_mcc_threshold": {
        "accuracy": 0.9358071081885079,
        "balanced_accuracy": 0.9152241717934104,
        "precision": 0.9032073310423826,
        "recall": 0.8674367436743674,
        "f1": 0.8849607182940517,
        "mcc": 0.8407990992624926,
        "auroc": 0.959475489024061,
        "auprc": 0.9201183685361211
      }
    },
    "two_dimensional": {
      "at_0.5": {
        "accuracy": 0.9354939721308909,
        "balanced_accuracy": 0.913846144955927,
        "precision": 0.9054209919261822,
        "recall": 0.8635863586358636,
        "f1": 0.884009009009009,
        "mcc": 0.8398183414994435,
        "auroc": 0.9590248147160964,
        "auprc": 0.9247960073568161
      },
      "calibration": {
        "brier": 0.05686236545443535,
        "ece_10": 0.01847390724287834
      },
      "oof_mcc_threshold": 0.4950000047683716,
      "at_oof_mcc_threshold": {
        "accuracy": 0.9361202442461249,
        "balanced_accuracy": 0.914946254966928,
        "precision": 0.905638665132336,
        "recall": 0.8657865786578658,
        "f1": 0.8852643419572553,
        "mcc": 0.8414430046627088,
        "auroc": 0.9590248147160964,
        "auprc": 0.9247960073568161
      }
    },
    "three_dimensional": {
      "at_0.5": {
        "accuracy": 0.9309534992954439,
        "balanced_accuracy": 0.9153092262607745,
        "precision": 0.8785046728971962,
        "recall": 0.878987898789879,
        "f1": 0.878746219411603,
        "mcc": 0.8304809909145849,
        "auroc": 0.954172978033194,
        "auprc": 0.9199349674398988
      },
      "calibration": {
        "brier": 0.05783931910991669,
        "ece_10": 0.027046201772463974
      },
      "oof_mcc_threshold": 0.5799999833106995,
      "at_oof_mcc_threshold": {
        "accuracy": 0.9339282918428057,
        "balanced_accuracy": 0.9109302755620277,
        "precision": 0.90534262485482,
        "recall": 0.8575357535753575,
        "f1": 0.8807909604519774,
        "mcc": 0.8357247344440571,
        "auroc": 0.954172978033194,
        "auprc": 0.9199349674398988
      }
    },
    "uniform_mean": {
      "at_0.5": {
        "accuracy": 0.9389384687646782,
        "balanced_accuracy": 0.9200623443828296,
        "precision": 0.9061433447098977,
        "recall": 0.8762376237623762,
        "f1": 0.8909395973154363,
        "mcc": 0.8487860637015824,
        "auroc": 0.9704626842636112,
        "auprc": 0.9445285687792142
      },
      "calibration": {
        "brier": 0.049484144896268845,
        "ece_10": 0.03272013773676008
      },
      "oof_mcc_threshold": 0.5449999570846558,
      "at_oof_mcc_threshold": {
        "accuracy": 0.9403475810239549,
        "balanced_accuracy": 0.9180665440148743,
        "precision": 0.9194395796847635,
        "recall": 0.8663366336633663,
        "f1": 0.8920985556499574,
        "mcc": 0.8516475334160605,
        "auroc": 0.9704626842636112,
        "auprc": 0.9445285687792142
      }
    }
  },
  "cross_fitted_dynamic_router": {
    "at_0.5": {
      "accuracy": 0.9390950367934867,
      "balanced_accuracy": 0.9193438056872003,
      "precision": 0.9089868345735547,
      "recall": 0.8734873487348734,
      "f1": 0.8908835904628332,
      "mcc": 0.8489894697646826,
      "auroc": 0.9696476541941784,
      "auprc": 0.9423680257911053
    },
    "calibration": {
      "brier": 0.04864978790283203,
      "ece_10": 0.013767005373665597
    },
    "oof_mcc_threshold": 0.5449999570846558,
    "at_oof_mcc_threshold": {
      "accuracy": 0.9401910129951464,
      "balanced_accuracy": 0.9187850827105035,
      "precision": 0.9164733178654292,
      "recall": 0.8690869086908691,
      "f1": 0.8921513269339356,
      "mcc": 0.8513877148441723,
      "auroc": 0.9696476541941784,
      "auprc": 0.9423680257911053
    }
  },
  "fold_comparison_at_0.5": [
    {
      "fold": 0,
      "dynamic_router": {
        "accuracy": 0.9496459480723839,
        "balanced_accuracy": 0.9237805799993952,
        "precision": 0.9574468085106383,
        "recall": 0.863013698630137,
        "f1": 0.9077809798270894,
        "mcc": 0.8755040861931248,
        "auroc": 0.9799933472436421,
        "auprc": 0.9623201038452482
      },
      "branches": {
        "one_dimensional": {
          "accuracy": 0.943351691581432,
          "balanced_accuracy": 0.921001542229883,
          "precision": 0.9296187683284457,
          "recall": 0.8684931506849315,
          "f1": 0.8980169971671388,
          "mcc": 0.8598160539267614,
          "auroc": 0.9765974175209411,
          "auprc": 0.9531849447315075
        },
        "two_dimensional": {
          "accuracy": 0.9370574350904799,
          "balanced_accuracy": 0.9092246514862863,
          "precision": 0.9305135951661632,
          "recall": 0.8438356164383561,
          "f1": 0.8850574712643678,
          "mcc": 0.8437706031518213,
          "auroc": 0.971786265082101,
          "auprc": 0.9487868485900833
        },
        "three_dimensional": {
          "accuracy": 0.9441384736428009,
          "balanced_accuracy": 0.9182814720735433,
          "precision": 0.9427710843373494,
          "recall": 0.8575342465753425,
          "f1": 0.8981348637015782,
          "mcc": 0.8616032263033445,
          "auroc": 0.9686912213855876,
          "auprc": 0.9465931029615134
        }
      },
      "beats_strongest_branch": true
    },
    {
      "fold": 1,
      "dynamic_router": {
        "accuracy": 0.9324654190398698,
        "balanced_accuracy": 0.9107546988876103,
        "precision": 0.906158357771261,
        "recall": 0.8583333333333333,
        "f1": 0.8815977175463623,
        "mcc": 0.8350067806918203,
        "auroc": 0.9747922260580488,
        "auprc": 0.946031741760819
      },
      "branches": {
        "one_dimensional": {
          "accuracy": 0.9324654190398698,
          "balanced_accuracy": 0.9148222733665772,
          "precision": 0.8945868945868946,
          "recall": 0.8722222222222222,
          "f1": 0.8832630098452883,
          "mcc": 0.8358962662241054,
          "auroc": 0.9693469505178366,
          "auprc": 0.9343692448880682
        },
        "two_dimensional": {
          "accuracy": 0.9292107404393816,
          "balanced_accuracy": 0.9076396880194348,
          "precision": 0.8979591836734694,
          "recall": 0.8555555555555555,
          "f1": 0.8762446657183499,
          "mcc": 0.8271869492897208,
          "auroc": 0.969386907045135,
          "auprc": 0.9320568491606012
        },
        "three_dimensional": {
          "accuracy": 0.9104963384865744,
          "balanced_accuracy": 0.9017277202403784,
          "precision": 0.8255208333333334,
          "recall": 0.8805555555555555,
          "f1": 0.8521505376344086,
          "mcc": 0.7889127370103951,
          "auroc": 0.9620572816775347,
          "auprc": 0.9257995049800861
        }
      },
      "beats_strongest_branch": false
    },
    {
      "fold": 2,
      "dynamic_router": {
        "accuracy": 0.9442262372348782,
        "balanced_accuracy": 0.9286357565583914,
        "precision": 0.905982905982906,
        "recall": 0.8932584269662921,
        "f1": 0.8995756718528995,
        "mcc": 0.861011675362058,
        "auroc": 0.9790260130126328,
        "auprc": 0.9554350825990419
      },
      "branches": {
        "one_dimensional": {
          "accuracy": 0.9371563236449332,
          "balanced_accuracy": 0.9159953071201892,
          "precision": 0.9035087719298246,
          "recall": 0.8679775280898876,
          "f1": 0.8853868194842407,
          "mcc": 0.842442368192835,
          "auroc": 0.9735305649835198,
          "auprc": 0.9464270988720725
        },
        "two_dimensional": {
          "accuracy": 0.9418695993715632,
          "balanced_accuracy": 0.9235630353007487,
          "precision": 0.9075144508670521,
          "recall": 0.8820224719101124,
          "f1": 0.8945868945868946,
          "mcc": 0.8546332747498775,
          "auroc": 0.972973055763175,
          "auprc": 0.945229697371771
        },
        "three_dimensional": {
          "accuracy": 0.9324430479183032,
          "balanced_accuracy": 0.918738436278534,
          "precision": 0.8729281767955801,
          "recall": 0.8876404494382022,
          "f1": 0.8802228412256268,
          "mcc": 0.833237899868189,
          "auroc": 0.9746945952238002,
          "auprc": 0.9453228717718225
        }
      },
      "beats_strongest_branch": true
    },
    {
      "fold": 3,
      "dynamic_router": {
        "accuracy": 0.9434546862896979,
        "balanced_accuracy": 0.927703809608912,
        "precision": 0.9044943820224719,
        "recall": 0.8919667590027701,
        "f1": 0.898186889818689,
        "mcc": 0.8590874705281972,
        "auroc": 0.9748577726148989,
        "auprc": 0.9558201208455956
      },
      "branches": {
        "one_dimensional": {
          "accuracy": 0.9403563129357088,
          "balanced_accuracy": 0.9221636434039258,
          "precision": 0.9034090909090909,
          "recall": 0.8808864265927978,
          "f1": 0.8920056100981768,
          "mcc": 0.8509455515877465,
          "auroc": 0.9711196497185238,
          "auprc": 0.9476697908281071
        },
        "two_dimensional": {
          "accuracy": 0.9380325329202169,
          "balanced_accuracy": 0.9171611116075418,
          "precision": 0.9048991354466859,
          "recall": 0.8698060941828255,
          "f1": 0.8870056497175142,
          "mcc": 0.8446526567136436,
          "auroc": 0.969779286926995,
          "auprc": 0.9452339859296585
        },
        "three_dimensional": {
          "accuracy": 0.9372579395817195,
          "balanced_accuracy": 0.9259449557680279,
          "precision": 0.8783783783783784,
          "recall": 0.9002770083102493,
          "f1": 0.8891928864569083,
          "mcc": 0.8455667038075653,
          "auroc": 0.9681112798975366,
          "auprc": 0.9387303606390662
        }
      },
      "beats_strongest_branch": true
    },
    {
      "fold": 4,
      "dynamic_router": {
        "accuracy": 0.9259259259259259,
        "balanced_accuracy": 0.9065638410209171,
        "precision": 0.8756756756756757,
        "recall": 0.8617021276595744,
        "f1": 0.8686327077747988,
        "mcc": 0.8171096622235471,
        "auroc": 0.9692955357343458,
        "auprc": 0.9375860951223117
      },
      "branches": {
        "one_dimensional": {
          "accuracy": 0.9259259259259259,
          "balanced_accuracy": 0.9025548203734077,
          "precision": 0.8861111111111111,
          "recall": 0.848404255319149,
          "f1": 0.8668478260869565,
          "mcc": 0.8159424818032989,
          "auroc": 0.966883102293918,
          "auprc": 0.9270304829003126
        },
        "two_dimensional": {
          "accuracy": 0.9312169312169312,
          "balanced_accuracy": 0.9118633310117055,
          "precision": 0.888283378746594,
          "recall": 0.8670212765957447,
          "f1": 0.8775235531628532,
          "mcc": 0.8298317685624379,
          "auroc": 0.9595334651418814,
          "auprc": 0.9180387396841926
        },
        "three_dimensional": {
          "accuracy": 0.9297052154195011,
          "balanced_accuracy": 0.9116091689321261,
          "precision": 0.8814016172506739,
          "recall": 0.8696808510638298,
          "f1": 0.8755020080321285,
          "mcc": 0.8265678691117925,
          "auroc": 0.9536526320519445,
          "auprc": 0.9189363900069194
        }
      },
      "beats_strongest_branch": false
    }
  ],
  "mean_weights": {
    "one_dimensional": 0.33644065260887146,
    "two_dimensional": 0.2985963821411133,
    "three_dimensional": 0.36496299505233765
  },
  "mean_route_confidence": {
    "one_dimensional": 0.8725795149803162,
    "two_dimensional": 0.8723297715187073,
    "three_dimensional": 0.8801138401031494
  },
  "mean_overall_confidence": 0.8974626064300537,
  "selective_performance": {
    "coverage_1.0": {
      "count": 6387,
      "accuracy": 0.9390950202941895,
      "mean_confidence": 0.8974626064300537,
      "brier": 0.04864979162812233
    },
    "coverage_0.9": {
      "count": 5748,
      "accuracy": 0.9620737433433533,
      "mean_confidence": 0.9200924634933472,
      "brier": 0.03401587903499603
    },
    "coverage_0.8": {
      "count": 5110,
      "accuracy": 0.9690802097320557,
      "mean_confidence": 0.9303386211395264,
      "brier": 0.027811815962195396
    },
    "coverage_0.7": {
      "count": 4471,
      "accuracy": 0.9765152931213379,
      "mean_confidence": 0.9376073479652405,
      "brier": 0.021575389429926872
    },
    "coverage_0.5": {
      "count": 3194,
      "accuracy": 0.9871634244918823,
      "mean_confidence": 0.9484485387802124,
      "brier": 0.012355733662843704
    }
  },
  "fold_states": [
    {
      "held_fold": 0,
      "temperatures": [
        1.7012016773223877,
        2.418288230895996,
        2.597856283187866
      ],
      "reliability": [
        {
          "mean": [
            0.2816825211048126,
            0.28710970282554626,
            0.9068219065666199,
            0.17094257473945618,
            0.018368296325206757,
            3.41264009475708
          ],
          "std": [
            0.4093797206878662,
            0.4083986282348633,
            0.19670051336288452,
            0.273091584444046,
            0.0374353751540184,
            0.39835435152053833
          ],
          "model_state": {
            "network.0.weight": [
              [
                0.02446231059730053,
                0.03301540017127991,
                -0.10229113698005676,
                -0.1578027904033661,
                0.030338114127516747,
                0.10490410774946213
              ],
              [
                -0.21347136795520782,
                0.32740098237991333,
                0.7058795094490051,
                -0.06019626185297966,
                0.37876003980636597,
                -0.1058654636144638
              ],
              [
                0.07245751470327377,
                -0.2031537890434265,
                0.4731528162956238,
                -0.3994399309158325,
                0.011107518337666988,
                0.29849740862846375
              ],
              [
                -0.20523439347743988,
                0.1597539633512497,
                -0.2842555046081543,
                0.29146674275398254,
                -0.07549251616001129,
                0.05328233540058136
              ],
              [
                -0.16822734475135803,
                -0.08304144442081451,
                0.022564444690942764,
                0.2414838969707489,
                -0.09175851196050644,
                -0.05221366137266159
              ],
              [
                0.5906427502632141,
                -0.09178271144628525,
                0.09079337865114212,
                0.2628404498100281,
                0.08036340773105621,
                0.11637160927057266
              ],
              [
                -0.080083467066288,
                0.1324516236782074,
                0.5066208839416504,
                -1.1541005373001099,
                -0.595409095287323,
                0.20502033829689026
              ],
              [
                0.43575406074523926,
                0.5997135043144226,
                0.06780043989419937,
                0.20088694989681244,
                0.16990375518798828,
                0.26282867789268494
              ]
            ],
            "network.0.bias": [
              0.8312177658081055,
              -0.8698980808258057,
              -0.12547771632671356,
              -0.5035797953605652,
              -0.9004808664321899,
              0.07001225650310516,
              0.13482727110385895,
              -0.21225464344024658
            ],
            "network.2.weight": [
              [
                0.5545726418495178,
                -0.5534645318984985,
                0.12568676471710205,
                -0.7071955800056458,
                -0.6074425578117371,
                -0.0014225034974515438,
                0.7320416569709778,
                -0.3373281955718994
              ]
            ],
            "network.2.bias": [
              0.514631450176239
            ]
          }
        },
        {
          "mean": [
            0.2822593152523041,
            0.2839970588684082,
            0.9550822973251343,
            0.08361021429300308,
            0.0055459532886743546,
            3.41264009475708
          ],
          "std": [
            0.4311036765575409,
            0.42859700322151184,
            0.14444158971309662,
            0.2070988565683365,
            0.011332240886986256,
            0.39835435152053833
          ],
          "model_state": {
            "network.0.weight": [
              [
                0.1857387274503708,
                -0.036223459988832474,
                0.24035443365573883,
                0.12873660027980804,
                -0.15095004439353943,
                -0.18285734951496124
              ],
              [
                1.3020329475402832,
                0.9208248853683472,
                -0.10678679496049881,
                0.11475375294685364,
                0.7617167234420776,
                -0.5004352927207947
              ],
              [
                -0.14923816919326782,
                -0.06311796605587006,
                -0.1742132157087326,
                0.6779983043670654,
                0.6753605604171753,
                -0.3231338858604431
              ],
              [
                0.4370720684528351,
                -0.07286429405212402,
                -0.6151329874992371,
                0.6776425242424011,
                0.3609630763530731,
                0.059992603957653046
              ],
              [
                0.021243290975689888,
                0.5195277333259583,
                0.023198828101158142,
                0.114178866147995,
                0.22093074023723602,
                0.24322162568569183
              ],
              [
                0.20956459641456604,
                0.05799250677227974,
                0.17812925577163696,
                -0.04984906688332558,
                0.06939426064491272,
                0.12023593485355377
              ],
              [
                0.49673423171043396,
                0.34604907035827637,
                0.07992955297231674,
                -0.026267370209097862,
                0.11295042932033539,
                0.057147715240716934
              ],
              [
                -0.04113839194178581,
                -0.3279029428958893,
                0.34996938705444336,
                -0.4287078082561493,
                -0.8436589241027832,
                -0.06333112716674805
              ]
            ],
            "network.0.bias": [
              -0.8414880037307739,
              0.11012769490480423,
              -0.16518236696720123,
              -0.011460094712674618,
              -0.6461456418037415,
              0.8400934338569641,
              -0.20518989861011505,
              0.13604165613651276
            ],
            "network.2.weight": [
              [
                -0.7934584021568298,
                0.41219109296798706,
                -0.6148855090141296,
                -0.3672727048397064,
                -0.444200724363327,
                0.7647448778152466,
                -0.2428726851940155,
                0.5611435174942017
              ]
            ],
            "network.2.bias": [
              0.5827587246894836
            ]
          }
        },
        {
          "mean": [
            0.2922695279121399,
            0.2913762331008911,
            0.9486358165740967,
            0.09175419807434082,
            0.004837116226553917,
            3.41264009475708,
            0.7218115925788879,
            0.5625530481338501,
            0.16848452389240265,
            0.3515624403953552
          ],
          "std": [
            0.43373584747314453,
            0.43079158663749695,
            0.15876100957393646,
            0.22075240314006805,
            0.009689275175333023,
            0.39835435152053833,
            0.1309114545583725,
            0.12734459340572357,
            0.2760847210884094,
            0.03314254432916641
          ],
          "model_state": {
            "network.0.weight": [
              [
                -0.1896953135728836,
                -0.17851673066616058,
                0.16809649765491486,
                -0.16743014752864838,
                -0.12994027137756348,
                0.15584760904312134,
                -0.8101981282234192,
                0.11064695566892624,
                0.3097233176231384,
                0.36515626311302185
              ],
              [
                0.48849955201148987,
                0.4038132429122925,
                0.3206852674484253,
                -0.4241281747817993,
                -0.388869971036911,
                -0.46744048595428467,
                0.3688638210296631,
                0.1279795914888382,
                0.7130402326583862,
                0.20625995099544525
              ],
              [
                0.18289057910442352,
                0.03812839090824127,
                0.5819135904312134,
                -0.6778873801231384,
                -0.4193098843097687,
                0.09600844979286194,
                -0.12195653468370438,
                -0.11732553690671921,
                0.1397266983985901,
                0.31120797991752625
              ],
              [
                0.20435521006584167,
                0.6319194436073303,
                -0.4067716598510742,
                0.2202841192483902,
                0.5476666688919067,
                -0.41383641958236694,
                0.2701914608478546,
                0.08969180285930634,
                -0.41456055641174316,
                -0.3293740451335907
              ],
              [
                -0.19837874174118042,
                0.23445044457912445,
                0.36378052830696106,
                -0.3926205337047577,
                0.150234654545784,
                -0.07595137506723404,
                -0.7118493914604187,
                0.14032164216041565,
                -0.2501050531864166,
                -0.2309742122888565
              ],
              [
                -0.3181656002998352,
                0.0771777406334877,
                0.6332446336746216,
                -1.2409108877182007,
                -1.4710748195648193,
                0.04709697142243385,
                0.02001834847033024,
                0.06394270807504654,
                1.9935956001281738,
                -0.19280773401260376
              ],
              [
                -0.05963033437728882,
                0.1076839417219162,
                -0.28211531043052673,
                0.9490287899971008,
                0.7713587284088135,
                -0.15955443680286407,
                -0.17136359214782715,
                0.03391096740961075,
                -0.06728547066450119,
                -0.16671791672706604
              ],
              [
                -0.1840549111366272,
                -0.06943152844905853,
                0.001957874745130539,
                -0.03826344758272171,
                -0.02962225303053856,
                0.01636749878525734,
                0.22158123552799225,
                0.1516687572002411,
                0.8977807760238647,
                0.6027594804763794
              ]
            ],
            "network.0.bias": [
              -0.8101580739021301,
              -0.4531102180480957,
              0.2695135474205017,
              0.17415641248226166,
              0.7776580452919006,
              0.2893337905406952,
              0.11979935318231583,
              0.9455684423446655
            ],
            "network.2.weight": [
              [
                -0.6462470293045044,
                -0.767587423324585,
                0.6552295684814453,
                0.29809874296188354,
                0.45220422744750977,
                0.46754902601242065,
                -0.9372963905334473,
                0.6275323629379272
              ]
            ],
            "network.2.bias": [
              0.5236123204231262
            ]
          }
        }
      ],
      "router": {
        "bias": [
          0.034469325095415115,
          -0.07379904389381409,
          0.3234425187110901
        ],
        "temperature": 2.055145263671875,
        "fallback_beta": 3.166395664215088
      }
    },
    {
      "held_fold": 1,
      "temperatures": [
        1.5430866479873657,
        2.41692852973938,
        3.1169164180755615
      ],
      "reliability": [
        {
          "mean": [
            0.2769259512424469,
            0.28287631273269653,
            0.906154215335846,
            0.17252333462238312,
            0.01766514778137207,
            3.4149391651153564
          ],
          "std": [
            0.4064672291278839,
            0.4062761664390564,
            0.19696497917175293,
            0.2733404338359833,
            0.03391112759709358,
            0.3993786871433258
          ],
          "model_state": {
            "network.0.weight": [
              [
                -0.1615220457315445,
                -0.04982208088040352,
                0.3846137523651123,
                -0.03247249871492386,
                0.3078233599662781,
                -0.10629566758871078
              ],
              [
                -0.2920791804790497,
                0.11835082620382309,
                -0.11690517514944077,
                -0.18040762841701508,
                0.09131159633398056,
                0.1110650822520256
              ],
              [
                0.39392977952957153,
                0.5791999697685242,
                0.3753686249256134,
                -0.08774969726800919,
                0.32708540558815,
                -0.15240202844142914
              ],
              [
                -0.32964789867401123,
                0.14496080577373505,
                0.600836455821991,
                0.48052290081977844,
                0.06339631229639053,
                0.14622268080711365
              ],
              [
                0.3786675035953522,
                0.0238056443631649,
                0.6266965866088867,
                -0.19220829010009766,
                0.3672785460948944,
                -0.07176411151885986
              ],
              [
                -0.14737527072429657,
                -0.3335973024368286,
                -0.1460234671831131,
                0.026914112269878387,
                0.0029971159528940916,
                0.1908373087644577
              ],
              [
                0.2224445343017578,
                0.05798559635877609,
                0.46354708075523376,
                -0.07788202166557312,
                0.1211714819073677,
                -0.06948399543762207
              ],
              [
                -0.35175564885139465,
                0.22561684250831604,
                -0.5676178336143494,
                0.9612128734588623,
                0.3607374429702759,
                -0.11495955288410187
              ]
            ],
            "network.0.bias": [
              -0.8618885278701782,
              0.7859094142913818,
              -0.4530734717845917,
              -0.7008116245269775,
              0.5767189860343933,
              -0.4570200443267822,
              0.8092743158340454,
              0.1435360163450241
            ],
            "network.2.weight": [
              [
                -0.5697806477546692,
                0.6851404309272766,
                -0.7151619791984558,
                -0.5595175623893738,
                0.6727986335754395,
                -0.2267511636018753,
                0.6392852067947388,
                -1.0395907163619995
              ]
            ],
            "network.2.bias": [
              0.0752817690372467
            ]
          }
        },
        {
          "mean": [
            0.2773936688899994,
            0.2798941433429718,
            0.9512683153152466,
            0.08905230462551117,
            0.005670697428286076,
            3.4149391651153564
          ],
          "std": [
            0.4271191656589508,
            0.42490825057029724,
            0.15174326300621033,
            0.21543152630329132,
            0.01147512998431921,
            0.3993786871433258
          ],
          "model_state": {
            "network.0.weight": [
              [
                0.05781785398721695,
                0.03908553346991539,
                0.3909321427345276,
                -0.12371519953012466,
                0.18600958585739136,
                0.02542334608733654
              ],
              [
                -0.6457818746566772,
                -0.5736764669418335,
                0.3101555407047272,
                -0.016702542081475258,
                -0.47889184951782227,
                0.6832617521286011
              ],
              [
                0.19003163278102875,
                -0.3904080390930176,
                0.43652161955833435,
                -0.9122848510742188,
                -0.9182246923446655,
                -0.21526268124580383
              ],
              [
                -0.14020565152168274,
                0.07264357060194016,
                -0.27328598499298096,
                0.7699196934700012,
                0.7811305522918701,
                -0.11851214617490768
              ],
              [
                0.14136840403079987,
                0.22908572852611542,
                0.09547822922468185,
                0.07204429805278778,
                0.09323055297136307,
                -0.1423000693321228
              ],
              [
                -0.1648019254207611,
                0.1764625757932663,
                0.10283131152391434,
                0.43240147829055786,
                0.19576717913150787,
                0.021511033177375793
              ],
              [
                -0.02812201902270317,
                -0.2222580462694168,
                -0.43884965777397156,
                -0.2499057501554489,
                -0.17777031660079956,
                -0.05835014581680298
              ],
              [
                -0.4845466613769531,
                -0.37032896280288696,
                -0.7237368226051331,
                0.34759950637817383,
                0.5786914825439453,
                0.9268075227737427
              ]
            ],
            "network.0.bias": [
              0.7691242098808289,
              0.041309475898742676,
              -0.03758031129837036,
              0.045537739992141724,
              0.6220594048500061,
              -0.5452431440353394,
              0.80637127161026,
              0.38989517092704773
            ],
            "network.2.weight": [
              [
                0.5478212833404541,
                -0.22597651183605194,
                0.6079210042953491,
                -0.6622064113616943,
                0.26800766587257385,
                -0.5765269994735718,
                0.6428670287132263,
                0.5318074822425842
              ]
            ],
            "network.2.bias": [
              0.7265012860298157
            ]
          }
        },
        {
          "mean": [
            0.27845683693885803,
            0.2780136466026306,
            0.9694237112998962,
            0.05607955902814865,
            0.003319783601909876,
            3.4149391651153564,
            0.7215589880943298,
            0.5615419149398804,
            0.16629457473754883,
            0.35409924387931824
          ],
          "std": [
            0.4354628622531891,
            0.43346890807151794,
            0.12269719690084457,
            0.17480607330799103,
            0.009393247775733471,
            0.3993786871433258,
            0.13094006478786469,
            0.12724371254444122,
            0.2744661271572113,
            0.02799604833126068
          ],
          "model_state": {
            "network.0.weight": [
              [
                0.054462432861328125,
                0.13588707149028778,
                0.39932727813720703,
                0.1108659952878952,
                -0.13660022616386414,
                0.004542361479252577,
                0.16893011331558228,
                0.022320576012134552,
                -0.49166953563690186,
                -0.3432953655719757
              ],
              [
                0.07530221343040466,
                0.15078870952129364,
                -0.570367693901062,
                0.7998851537704468,
                0.9033441543579102,
                -0.19832557439804077,
                -0.35500606894493103,
                0.16330718994140625,
                -0.01061176136136055,
                -0.1053663045167923
              ],
              [
                -0.1807059645652771,
                0.2667507827281952,
                -0.30265700817108154,
                0.8508274555206299,
                0.32795095443725586,
                -0.16492865979671478,
                0.029086872935295105,
                -0.05245968699455261,
                -0.004167311359196901,
                -0.43488258123397827
              ],
              [
                -0.43618759512901306,
                -0.026515766978263855,
                -0.1656559854745865,
                0.2731543183326721,
                0.19616931676864624,
                0.049513135105371475,
                -0.21101531386375427,
                -0.4432399570941925,
                -0.08323905616998672,
                -0.23862195014953613
              ],
              [
                0.41286811232566833,
                0.1352016031742096,
                -0.7346164584159851,
                -0.05134781822562218,
                0.26089438796043396,
                -0.12523633241653442,
                0.8816930651664734,
                -0.4404112994670868,
                -0.6958293914794922,
                -0.5786619782447815
              ],
              [
                -0.30481940507888794,
                0.0713701918721199,
                0.808160662651062,
                -0.8617994785308838,
                -1.4332568645477295,
                0.12676864862442017,
                0.11513245850801468,
                0.1287233531475067,
                1.9971922636032104,
                -0.23432987928390503
              ],
              [
                0.27820682525634766,
                -0.20337213575839996,
                -0.10903771221637726,
                -0.005521029233932495,
                -0.00018280508811585605,
                -0.07475508749485016,
                0.19625601172447205,
                -0.13332626223564148,
                0.09963760524988174,
                0.02817123755812645
              ],
              [
                -0.22860904037952423,
                -0.34362661838531494,
                0.3212827146053314,
                -0.21282440423965454,
                0.05737734213471413,
                -0.19611136615276337,
                0.29959461092948914,
                0.2512109577655792,
                -0.5981179475784302,
                0.34931373596191406
              ]
            ],
            "network.0.bias": [
              -0.8992476463317871,
              -0.4221802055835724,
              -0.5129592418670654,
              0.1035890057682991,
              0.6336228251457214,
              0.5957484245300293,
              -0.8688650131225586,
              0.06784947216510773
            ],
            "network.2.weight": [
              [
                -0.839152455329895,
                -0.7190276980400085,
                -0.6320098638534546,
                0.14862290024757385,
                0.6444081664085388,
                0.4711360037326813,
                -0.7972193956375122,
                0.11652783304452896
              ]
            ],
            "network.2.bias": [
              0.19080238044261932
            ]
          }
        }
      ],
      "router": {
        "bias": [
          0.051388535648584366,
          -0.1339276134967804,
          0.24408146739006042
        ],
        "temperature": 1.7034913301467896,
        "fallback_beta": 6.6246232986450195
      }
    },
    {
      "held_fold": 2,
      "temperatures": [
        2.013547658920288,
        2.358189582824707,
        2.979060649871826
      ],
      "reliability": [
        {
          "mean": [
            0.27822625637054443,
            0.28226226568222046,
            0.9262242913246155,
            0.1374870240688324,
            0.016689768061041832,
            3.408534288406372
          ],
          "std": [
            0.4159925878047943,
            0.4150531589984894,
            0.17618808150291443,
            0.25144240260124207,
            0.04001010209321976,
            0.4021470844745636
          ],
          "model_state": {
            "network.0.weight": [
              [
                -0.7600257992744446,
                -0.5582529902458191,
                -0.49973782896995544,
                1.1191085577011108,
                1.2986520528793335,
                -0.07571380585432053
              ],
              [
                -0.4064769446849823,
                -0.23446758091449738,
                0.20733585953712463,
                0.2067750245332718,
                -0.17245016992092133,
                0.12451805919408798
              ],
              [
                0.34980618953704834,
                0.16431738436222076,
                -0.05663677677512169,
                0.6242873668670654,
                0.13142746686935425,
                0.21762004494667053
              ],
              [
                -0.46222466230392456,
                0.3073020577430725,
                -0.021023591980338097,
                0.025098677724599838,
                0.05519867315888405,
                -0.03477352112531662
              ],
              [
                -0.7577535510063171,
                0.6056675314903259,
                0.5608303546905518,
                -0.5156201720237732,
                0.5652390718460083,
                -0.19687634706497192
              ],
              [
                -0.09575754404067993,
                0.12559577822685242,
                -0.18994951248168945,
                0.10927803069353104,
                -0.12826068699359894,
                0.015297267585992813
              ],
              [
                -0.1907799392938614,
                0.22073949873447418,
                -0.43162837624549866,
                2.1113812923431396,
                -0.30499330163002014,
                -0.12513011693954468
              ],
              [
                -0.2535000741481781,
                -0.2816295027732849,
                -0.22544331848621368,
                0.15851923823356628,
                0.026909206062555313,
                0.11428038030862808
              ]
            ],
            "network.0.bias": [
              -0.046995170414447784,
              0.007966543547809124,
              -0.38098815083503723,
              -0.6292335987091064,
              -0.9133809208869934,
              -0.7975144982337952,
              0.5166581273078918,
              0.9375744462013245
            ],
            "network.2.weight": [
              [
                -0.5123099684715271,
                0.058656420558691025,
                -0.46238988637924194,
                -0.604370653629303,
                -0.38711804151535034,
                -0.601105809211731,
                -0.6598114967346191,
                0.4890337586402893
              ]
            ],
            "network.2.bias": [
              0.6959753036499023
            ]
          }
        },
        {
          "mean": [
            0.278167724609375,
            0.28038355708122253,
            0.9498472809791565,
            0.09211623668670654,
            0.005825717933475971,
            3.408534288406372
          ],
          "std": [
            0.4268498122692108,
            0.4244000315666199,
            0.15307332575321198,
            0.21783016622066498,
            0.011254456825554371,
            0.4021470844745636
          ],
          "model_state": {
            "network.0.weight": [
              [
                -0.3739875853061676,
                -0.6508944630622864,
                -0.15224602818489075,
                0.5062050223350525,
                0.49131423234939575,
                -0.708522379398346
              ],
              [
                0.04294427111744881,
                -0.11918581277132034,
                -0.03249088302254677,
                -0.8538607954978943,
                -1.2258260250091553,
                0.012578096240758896
              ],
              [
                -0.036782898008823395,
                -0.022785479202866554,
                -0.21350227296352386,
                0.046324338763952255,
                -0.07735543698072433,
                0.07689440250396729
              ],
              [
                0.11825629323720932,
                -0.08282316476106644,
                0.2441827952861786,
                0.16435085237026215,
                -0.010647277347743511,
                0.09562928229570389
              ],
              [
                0.6651930212974548,
                0.21839118003845215,
                -0.14689509570598602,
                -0.01657882332801819,
                0.34896671772003174,
                -0.4684637188911438
              ],
              [
                -0.09008290618658066,
                0.029654940590262413,
                -0.14283575117588043,
                0.07899652421474457,
                -0.09065216034650803,
                -0.10738003253936768
              ],
              [
                0.5794423222541809,
                0.4840259253978729,
                0.2115904688835144,
                -0.2393086850643158,
                0.43545082211494446,
                0.7641362547874451
              ],
              [
                -0.6042765974998474,
                -0.5713819861412048,
                0.1603453904390335,
                -0.4571424126625061,
                0.15195880830287933,
                -0.11535673588514328
              ]
            ],
            "network.0.bias": [
              -0.30832332372665405,
              0.1253516525030136,
              0.36927369236946106,
              -0.8473823666572571,
              0.25217968225479126,
              -0.9580264687538147,
              -0.2388051301240921,
              0.17752647399902344
            ],
            "network.2.weight": [
              [
                -0.6347917318344116,
                0.7671695947647095,
                0.45778170228004456,
                -0.820129930973053,
                0.22049398720264435,
                -0.663650393486023,
                -0.20009759068489075,
                0.531476616859436
              ]
            ],
            "network.2.bias": [
              0.4645833373069763
            ]
          }
        },
        {
          "mean": [
            0.2850561738014221,
            0.28432902693748474,
            0.9590356349945068,
            0.07328788936138153,
            0.0040032872930169106,
            3.408534288406372,
            0.7219212055206299,
            0.564242422580719,
            0.16647036373615265,
            0.3515453040599823
          ],
          "std": [
            0.43458494544029236,
            0.4322631359100342,
            0.1432144194841385,
            0.2005244791507721,
            0.009656142443418503,
            0.4021470844745636,
            0.1313549429178238,
            0.12848563492298126,
            0.27652570605278015,
            0.03286914899945259
          ],
          "model_state": {
            "network.0.weight": [
              [
                -0.3488940894603729,
                -0.05150151997804642,
                -0.03246935084462166,
                -1.773595929145813,
                -1.8781181573867798,
                0.010597070679068565,
                0.08617983758449554,
                -0.12275047600269318,
                -0.1385139375925064,
                -0.07746927440166473
              ],
              [
                0.03639627620577812,
                -0.366829514503479,
                -0.1920354664325714,
                -0.03211743384599686,
                0.17884984612464905,
                0.09062479436397552,
                -0.1331567019224167,
                0.007834458723664284,
                0.29737839102745056,
                0.3459066152572632
              ],
              [
                -0.46205687522888184,
                -0.35686835646629333,
                -0.03565077856183052,
                0.04741716384887695,
                -0.35909202694892883,
                0.018428871408104897,
                0.5204485654830933,
                0.1704031378030777,
                -0.5575541257858276,
                1.3601163625717163
              ],
              [
                0.10255640000104904,
                0.4173699617385864,
                0.019823038950562477,
                0.062056925147771835,
                0.1536744385957718,
                -0.18608248233795166,
                0.1811867505311966,
                0.3574664294719696,
                0.09206434339284897,
                0.41730865836143494
              ],
              [
                -0.03864394128322601,
                -0.24133774638175964,
                -0.09875521808862686,
                -0.07190560549497604,
                -0.3204404413700104,
                -0.12363149225711823,
                -0.11801561713218689,
                -0.036216851323843,
                0.23455259203910828,
                0.3537466526031494
              ],
              [
                0.3098960816860199,
                0.09331837296485901,
                0.4565158784389496,
                -0.8979095220565796,
                -0.6489157676696777,
                0.2242649495601654,
                0.004750734195113182,
                -0.11796791106462479,
                -0.1307898759841919,
                -0.07467059791088104
              ],
              [
                0.048756539821624756,
                -0.054751429706811905,
                -0.0005415530758909881,
                -0.41646045446395874,
                -0.015411585569381714,
                -0.20672820508480072,
                -0.24728399515151978,
                0.00040424763574264944,
                0.04756868630647659,
                -0.14363712072372437
              ],
              [
                0.16416306793689728,
                -0.11217934638261795,
                -0.20584173500537872,
                0.039172250777482986,
                0.1373780518770218,
                0.040259525179862976,
                0.39337843656539917,
                -0.12627655267715454,
                -0.10513526201248169,
                -0.03318566456437111
              ]
            ],
            "network.0.bias": [
              -0.15897813439369202,
              0.7510904669761658,
              0.07826145738363266,
              -0.019655916839838028,
              -0.37828528881073,
              0.27665361762046814,
              0.6611101031303406,
              0.6858877539634705
            ],
            "network.2.weight": [
              [
                0.7351527810096741,
                0.8932539820671082,
                0.21153321862220764,
                -0.04109800606966019,
                -0.4276442229747772,
                0.689983606338501,
                0.7638720870018005,
                0.7990367412567139
              ]
            ],
            "network.2.bias": [
              0.1623920500278473
            ]
          }
        }
      ],
      "router": {
        "bias": [
          0.06624932587146759,
          -0.2455720752477646,
          0.1288062036037445
        ],
        "temperature": 1.7499969005584717,
        "fallback_beta": 0.2540772259235382
      }
    },
    {
      "held_fold": 3,
      "temperatures": [
        2.0651705265045166,
        2.711425304412842,
        2.9076714515686035
      ],
      "reliability": [
        {
          "mean": [
            0.27750709652900696,
            0.2821757197380066,
            0.9301729798316956,
            0.12850670516490936,
            0.01619182527065277,
            3.4172375202178955
          ],
          "std": [
            0.41774120926856995,
            0.4165850877761841,
            0.17556007206439972,
            0.24654637277126312,
            0.04015719145536423,
            0.40001869201660156
          ],
          "model_state": {
            "network.0.weight": [
              [
                0.02021363191306591,
                0.031631071120500565,
                -0.12564851343631744,
                -0.05268536135554314,
                0.39453667402267456,
                0.09468705207109451
              ],
              [
                -0.12817861139774323,
                0.08799444139003754,
                0.4322955906391144,
                -2.4493021965026855,
                0.35177144408226013,
                0.049505606293678284
              ],
              [
                0.016671868041157722,
                0.41619908809661865,
                -0.10842637717723846,
                -0.3571870028972626,
                -0.639656126499176,
                -0.02618984319269657
              ],
              [
                0.15501773357391357,
                0.4065699279308319,
                0.3756183981895447,
                0.4356992542743683,
                -0.3779136836528778,
                -0.1377296894788742
              ],
              [
                -0.07272893190383911,
                -0.07047511637210846,
                -0.10503485798835754,
                -0.003049740567803383,
                0.04179908335208893,
                -0.027895160019397736
              ],
              [
                0.12409493327140808,
                -0.19166116416454315,
                -0.23967057466506958,
                0.3521708548069,
                -0.35827839374542236,
                -0.016127748414874077
              ],
              [
                0.4578190743923187,
                0.1977546066045761,
                0.23093785345554352,
                -0.3769456744194031,
                0.0672263577580452,
                0.5562154650688171
              ],
              [
                0.1351737082004547,
                -0.05562669783830643,
                -0.021218759939074516,
                0.6466457843780518,
                -0.6078726053237915,
                0.14669053256511688
              ]
            ],
            "network.0.bias": [
              -0.6163914799690247,
              -0.7841977477073669,
              0.3203505575656891,
              -0.7778337597846985,
              0.6582885980606079,
              0.7086746096611023,
              0.30556103587150574,
              -0.9186134934425354
            ],
            "network.2.weight": [
              [
                -0.5926102995872498,
                0.9472600817680359,
                0.40047216415405273,
                -0.4729780852794647,
                0.6986013054847717,
                0.5486143231391907,
                0.3911481499671936,
                -0.5101633667945862
              ]
            ],
            "network.2.bias": [
              0.4947436451911926
            ]
          }
        },
        {
          "mean": [
            0.27636730670928955,
            0.27776581048965454,
            0.9587672352790833,
            0.07434353977441788,
            0.004699181765317917,
            3.4172375202178955
          ],
          "std": [
            0.42995485663414,
            0.42785951495170593,
            0.14232465624809265,
            0.2014351636171341,
            0.010898320004343987,
            0.40001869201660156
          ],
          "model_state": {
            "network.0.weight": [
              [
                0.12657345831394196,
                -0.14955660700798035,
                0.22483786940574646,
                0.2158030867576599,
                -0.16699951887130737,
                -0.07908416539430618
              ],
              [
                -0.3068574070930481,
                0.1569220870733261,
                -0.025525396689772606,
                -0.29829660058021545,
                0.1503349095582962,
                0.33183732628822327
              ],
              [
                -0.06992027163505554,
                0.17343389987945557,
                -0.1545027792453766,
                0.9064233899116516,
                1.766252875328064,
                -0.1655324399471283
              ],
              [
                0.32981252670288086,
                -0.05986502766609192,
                -0.08416935056447983,
                -0.11601920425891876,
                0.05512111634016037,
                -0.01823834888637066
              ],
              [
                0.17079375684261322,
                0.21323932707309723,
                0.47695693373680115,
                -0.4783191382884979,
                -0.08110371977090836,
                0.41934388875961304
              ],
              [
                0.12454099208116531,
                -0.35520586371421814,
                -0.39046913385391235,
                0.038030318915843964,
                -0.0488673597574234,
                0.015222558751702309
              ],
              [
                -0.21158602833747864,
                0.2674919664859772,
                0.3973274528980255,
                0.015923215076327324,
                -0.005638603121042252,
                -0.11342808604240417
              ],
              [
                -0.21152174472808838,
                -0.07366540282964706,
                0.4003339111804962,
                -0.7321306467056274,
                -1.1794251203536987,
                -0.2338716983795166
              ]
            ],
            "network.0.bias": [
              -0.7999470233917236,
              -0.2541717290878296,
              0.20486178994178772,
              -0.8739043474197388,
              0.27614784240722656,
              0.6215455532073975,
              0.6186127662658691,
              0.08523232489824295
            ],
            "network.2.weight": [
              [
                -0.7873875498771667,
                -0.17618343234062195,
                -0.6324081420898438,
                -0.53470778465271,
                0.506170392036438,
                0.7050845623016357,
                0.5274545550346375,
                0.378060519695282
              ]
            ],
            "network.2.bias": [
              0.18549153208732605
            ]
          }
        },
        {
          "mean": [
            0.2875170111656189,
            0.2870016396045685,
            0.9555416703224182,
            0.07906041294336319,
            0.004254357423633337,
            3.4172375202178955,
            0.7235384583473206,
            0.5636162757873535,
            0.16565175354480743,
            0.35384833812713623
          ],
          "std": [
            0.43434715270996094,
            0.43171441555023193,
            0.14888298511505127,
            0.20828643441200256,
            0.009790761396288872,
            0.40001869201660156,
            0.13045895099639893,
            0.12749740481376648,
            0.274748295545578,
            0.03420247882604599
          ],
          "model_state": {
            "network.0.weight": [
              [
                0.4341289699077606,
                0.38015228509902954,
                0.12439252436161041,
                0.1151442602276802,
                0.03920702636241913,
                -0.18621549010276794,
                -0.08893731981515884,
                -0.6096637845039368,
                0.4356106221675873,
                -0.42427632212638855
              ],
              [
                -0.07470948249101639,
                -0.1989322453737259,
                0.17412516474723816,
                -0.13907667994499207,
                -0.025852559134364128,
                -0.04862635210156441,
                -0.006181125529110432,
                -0.10378692299127579,
                0.9533659219741821,
                0.8011919856071472
              ],
              [
                -0.08964689075946808,
                -0.399465411901474,
                -0.1439068466424942,
                0.6137599349021912,
                0.3846435248851776,
                0.7737723588943481,
                -0.38039496541023254,
                -0.2619844973087311,
                0.37445884943008423,
                -0.17097313702106476
              ],
              [
                -0.060180798172950745,
                -0.14153285324573517,
                0.12456069886684418,
                0.05125566944479942,
                -0.07433328777551651,
                0.12690459191799164,
                0.3603624403476715,
                -0.0939372256398201,
                0.23300379514694214,
                0.6033803820610046
              ],
              [
                0.0697578564286232,
                -0.04563351720571518,
                0.018351946026086807,
                0.1243649423122406,
                -0.006839368492364883,
                -0.0418214350938797,
                0.203110471367836,
                -0.09865885972976685,
                0.1177157536149025,
                0.1249445378780365
              ],
              [
                0.21404346823692322,
                0.14711567759513855,
                0.02650623582303524,
                0.18613654375076294,
                0.07272924482822418,
                -0.12517809867858887,
                1.1066945791244507,
                -0.20515988767147064,
                -0.3223258852958679,
                -0.679976761341095
              ],
              [
                0.15491624176502228,
                -0.02378716506063938,
                -0.3774028718471527,
                0.7595887184143066,
                1.2682114839553833,
                -0.37341219186782837,
                -0.06688199192285538,
                0.12473730742931366,
                0.2602136731147766,
                0.0817985013127327
              ],
              [
                0.011257669888436794,
                -0.2961607575416565,
                0.659950852394104,
                -0.9527240991592407,
                -0.8341732025146484,
                -0.030348658561706543,
                0.0076685622334480286,
                0.13790543377399445,
                0.10769634693861008,
                0.5230576992034912
              ]
            ],
            "network.0.bias": [
              -0.011232109740376472,
              0.77052241563797,
              0.22466088831424713,
              -0.9897626042366028,
              -0.7310110330581665,
              0.9099820256233215,
              -0.24618802964687347,
              0.3578711748123169
            ],
            "network.2.weight": [
              [
                -0.14608055353164673,
                0.5479909777641296,
                0.2502496540546417,
                -0.5415424108505249,
                -0.6572489738464355,
                0.6821185350418091,
                -0.7388340830802917,
                0.6202748417854309
              ]
            ],
            "network.2.bias": [
              0.20348811149597168
            ]
          }
        }
      ],
      "router": {
        "bias": [
          0.06361161172389984,
          -0.07478655874729156,
          -0.030709385871887207
        ],
        "temperature": 1.6937308311462402,
        "fallback_beta": 0.015845436602830887
      }
    },
    {
      "held_fold": 4,
      "temperatures": [
        2.090324640274048,
        2.760472059249878,
        2.4839975833892822
      ],
      "reliability": [
        {
          "mean": [
            0.2769162654876709,
            0.2826818525791168,
            0.9281168580055237,
            0.13028568029403687,
            0.016803860664367676,
            3.4106438159942627
          ],
          "std": [
            0.41661524772644043,
            0.416477233171463,
            0.17871034145355225,
            0.25240370631217957,
            0.04118936136364937,
            0.403531014919281
          ],
          "model_state": {
            "network.0.weight": [
              [
                0.04524851217865944,
                0.12363541126251221,
                0.2947186529636383,
                -0.30866551399230957,
                0.34507060050964355,
                0.11990150809288025
              ],
              [
                -0.13756471872329712,
                0.2907320261001587,
                -0.1433619111776352,
                0.9725143909454346,
                -0.07162726670503616,
                0.003648442216217518
              ],
              [
                -0.12973062694072723,
                0.26525160670280457,
                -0.31998366117477417,
                -0.04114453122019768,
                -0.22959595918655396,
                0.037283625453710556
              ],
              [
                -0.43885841965675354,
                0.07277420163154602,
                -0.37538769841194153,
                -0.2728423774242401,
                0.340091347694397,
                -0.08437108248472214
              ],
              [
                -0.231662780046463,
                0.003976557403802872,
                -0.1856103390455246,
                -0.03785019740462303,
                0.2554659843444824,
                0.06718362867832184
              ],
              [
                0.13520224392414093,
                -0.2774045467376709,
                -0.11623066663742065,
                0.2106059342622757,
                -0.04050751030445099,
                0.22903761267662048
              ],
              [
                0.17616486549377441,
                -0.133726567029953,
                0.4511319696903229,
                -0.9424219727516174,
                -0.686184287071228,
                0.1366691291332245
              ],
              [
                0.1362680047750473,
                0.13992978632450104,
                -0.0561244897544384,
                -0.45514681935310364,
                -0.6736634969711304,
                0.006866119801998138
              ]
            ],
            "network.0.bias": [
              -0.0272994227707386,
              -0.23824915289878845,
              -0.7967557907104492,
              0.8784618377685547,
              -0.7842738032341003,
              0.6273377537727356,
              -0.03147595003247261,
              0.1625014692544937
            ],
            "network.2.weight": [
              [
                -0.13269081711769104,
                -0.5475924611091614,
                -0.5520172119140625,
                0.4308636486530304,
                -0.4217790961265564,
                0.6739307045936584,
                0.6205904483795166,
                0.4616585373878479
              ]
            ],
            "network.2.bias": [
              0.6151711940765381
            ]
          }
        },
        {
          "mean": [
            0.27280551195144653,
            0.2746797502040863,
            0.9701899886131287,
            0.05654792860150337,
            0.003953368868678808,
            3.4106438159942627
          ],
          "std": [
            0.4326264560222626,
            0.43105295300483704,
            0.11774247884750366,
            0.17252615094184875,
            0.010317690670490265,
            0.403531014919281
          ],
          "model_state": {
            "network.0.weight": [
              [
                0.011307843960821629,
                0.014971599914133549,
                -0.1484948694705963,
                -0.04369783774018288,
                0.2551800012588501,
                -0.05072656646370888
              ],
              [
                0.35242608189582825,
                -0.3831138014793396,
                0.3019362688064575,
                -2.3072025775909424,
                -2.585646629333496,
                0.20250485837459564
              ],
              [
                -0.40270692110061646,
                0.2974811792373657,
                0.18078455328941345,
                -0.1145320013165474,
                -0.19373473525047302,
                -0.08206632733345032
              ],
              [
                -0.2539018392562866,
                -0.30947330594062805,
                0.6666141152381897,
                -0.7346091270446777,
                -0.5368525981903076,
                -0.7528003454208374
              ],
              [
                -0.2648541033267975,
                0.17501796782016754,
                0.018913907930254936,
                0.04560393840074539,
                -0.05211508646607399,
                0.0656677857041359
              ],
              [
                0.3081721067428589,
                0.4192875623703003,
                -0.5641486048698425,
                0.045489970594644547,
                0.5944997668266296,
                -0.641852080821991
              ],
              [
                -0.010961856693029404,
                0.013677910901606083,
                -0.2170214056968689,
                0.6542792320251465,
                0.7240182161331177,
                0.1411449909210205
              ],
              [
                0.5414916276931763,
                -0.2366073876619339,
                0.492849737405777,
                -0.270943284034729,
                -0.6526055932044983,
                -1.1721532344818115
              ]
            ],
            "network.0.bias": [
              0.7613240480422974,
              -1.373008131980896,
              0.8317679762840271,
              0.2642495334148407,
              -0.6421597599983215,
              0.2640131711959839,
              -0.19832725822925568,
              -0.396573007106781
            ],
            "network.2.weight": [
              [
                0.8655308485031128,
                1.2170515060424805,
                0.646507978439331,
                0.5137098431587219,
                -0.7916949987411499,
                0.3375200629234314,
                -0.42280659079551697,
                -0.5411404967308044
              ]
            ],
            "network.2.bias": [
              0.5307534337043762
            ]
          }
        },
        {
          "mean": [
            0.28762903809547424,
            0.28674134612083435,
            0.9486036896705627,
            0.0913781151175499,
            0.004977384116500616,
            3.4106438159942627,
            0.7201854586601257,
            0.5625717639923096,
            0.16970960795879364,
            0.36207592487335205
          ],
          "std": [
            0.43154802918434143,
            0.4286196827888489,
            0.15966127812862396,
            0.22089460492134094,
            0.01047498732805252,
            0.403531014919281,
            0.13183429837226868,
            0.12800516188144684,
            0.27904701232910156,
            0.0320977047085762
          ],
          "model_state": {
            "network.0.weight": [
              [
                0.17025785148143768,
                -0.0846981629729271,
                0.4784376621246338,
                -0.5722130537033081,
                -0.8412958979606628,
                0.2085096687078476,
                -0.06656965613365173,
                -0.038155991584062576,
                0.12685516476631165,
                -0.5900440812110901
              ],
              [
                -0.06630879640579224,
                -0.08417365700006485,
                0.11475112289190292,
                -1.412638783454895,
                -1.5372737646102905,
                0.29843974113464355,
                -0.2415967583656311,
                -0.05069099739193916,
                -0.45393455028533936,
                -0.002141865435987711
              ],
              [
                -0.11426732689142227,
                -0.08452339470386505,
                0.12068450450897217,
                0.11833396553993225,
                0.08892049640417099,
                0.022884709760546684,
                0.013757864013314247,
                0.10840451717376709,
                0.1710943728685379,
                0.0865149274468422
              ],
              [
                -0.06734317541122437,
                0.21707236766815186,
                -0.4169411063194275,
                0.18432581424713135,
                -0.14816895127296448,
                -0.19178546965122223,
                0.1785413771867752,
                -0.016267146915197372,
                0.18143737316131592,
                -0.23613886535167694
              ],
              [
                0.5808087587356567,
                -0.01573549211025238,
                0.14725340902805328,
                -0.21964311599731445,
                0.16510318219661713,
                0.21838204562664032,
                0.20531408488750458,
                0.36105844378471375,
                -0.2787480354309082,
                -0.07287634164094925
              ],
              [
                0.4607398808002472,
                0.29362013936042786,
                -0.337069571018219,
                0.19497765600681305,
                0.3453095257282257,
                -0.04123444855213165,
                -0.1119031235575676,
                0.2753981351852417,
                0.08907206356525421,
                -0.38631173968315125
              ],
              [
                0.14306965470314026,
                0.10609924048185349,
                -0.7295750379562378,
                0.030082469806075096,
                0.11598896235227585,
                -0.04775853455066681,
                1.3992919921875,
                -0.33277183771133423,
                -0.15183012187480927,
                -0.3974032402038574
              ],
              [
                0.013372575864195824,
                -0.02372574992477894,
                -0.5395559072494507,
                0.9680092334747314,
                0.32169485092163086,
                0.16548223793506622,
                0.10105322301387787,
                -0.018508242443203926,
                0.0892312303185463,
                -0.08380761742591858
              ]
            ],
            "network.0.bias": [
              0.186325341463089,
              -0.2134133279323578,
              0.7184427976608276,
              -0.5646044015884399,
              -0.3095654547214508,
              -0.02179131843149662,
              0.8651644587516785,
              -0.17087869346141815
            ],
            "network.2.weight": [
              [
                0.5757501721382141,
                0.5448318719863892,
                0.8145220279693604,
                -0.5771453380584717,
                -0.3941695988178253,
                0.22991418838500977,
                0.6846365928649902,
                -0.6497083902359009
              ]
            ],
            "network.2.bias": [
              0.6481347680091858
            ]
          }
        }
      ],
      "router": {
        "bias": [
          -0.2325870245695114,
          0.27019357681274414,
          0.11097525805234909
        ],
        "temperature": 1.7807767391204834,
        "fallback_beta": 1.8978160619735718
      }
    }
  ],
  "frozen_full_oof_fit": {
    "route_names": [
      "one_dimensional",
      "two_dimensional",
      "three_dimensional"
    ],
    "feature_names": [
      [
        "toxicity_probability",
        "mc_mean_probability",
        "probability_margin",
        "probability_entropy",
        "mc_std_probability",
        "sequence_length"
      ],
      [
        "toxicity_probability",
        "mc_mean_probability",
        "probability_margin",
        "probability_entropy",
        "mc_std_probability",
        "sequence_length"
      ],
      [
        "toxicity_probability",
        "mc_mean_probability",
        "probability_margin",
        "probability_entropy",
        "mc_std_probability",
        "sequence_length",
        "mean_plddt",
        "min_plddt",
        "low_plddt_fraction",
        "global_gate"
      ]
    ],
    "temperatures": [
      1.8745555877685547,
      2.5301461219787598,
      2.8179705142974854
    ],
    "reliability": [
      {
        "mean": [
          0.2782527804374695,
          0.2834228277206421,
          0.9194497466087341,
          0.14804145693778992,
          0.01714611053466797,
          3.412803888320923
        ],
        "std": [
          0.4132455587387085,
          0.41256359219551086,
          0.1854378879070282,
          0.26041120290756226,
          0.038623664528131485,
          0.4006946384906769
        ],
        "model_state": {
          "network.0.weight": [
            [
              0.14659541845321655,
              -0.22924938797950745,
              -0.033006202429533005,
              -0.06722438335418701,
              0.08492299914360046,
              -0.07761640101671219
            ],
            [
              -0.3078950047492981,
              0.2617659866809845,
              -0.44007810950279236,
              0.08283466100692749,
              -0.1519058644771576,
              0.22065141797065735
            ],
            [
              -0.06457594782114029,
              -0.15331929922103882,
              0.3531959354877472,
              -0.028101777657866478,
              -0.13855381309986115,
              -0.7828531265258789
            ],
            [
              -0.35592910647392273,
              -0.6259881854057312,
              -0.5670257806777954,
              1.6544767618179321,
              1.0926692485809326,
              0.0020897353533655405
            ],
            [
              -0.31849175691604614,
              -0.3891754150390625,
              -0.48049139976501465,
              0.07318814098834991,
              -0.21291112899780273,
              -0.655095636844635
            ],
            [
              0.1036216989159584,
              -0.40772515535354614,
              0.15407505631446838,
              -0.90788334608078,
              0.03703850880265236,
              -0.022471480071544647
            ],
            [
              -0.4563709497451782,
              -0.5257169008255005,
              0.29498714208602905,
              -0.33039921522140503,
              -0.36505937576293945,
              -0.8042422533035278
            ],
            [
              0.0554346926510334,
              -0.023658307269215584,
              -0.5718023180961609,
              0.12170028686523438,
              -0.4248364269733429,
              0.06763985753059387
            ]
          ],
          "network.0.bias": [
            0.8601371049880981,
            -0.7416766881942749,
            -0.46319901943206787,
            0.12256590276956558,
            0.06481315195560455,
            0.28455817699432373,
            0.148757204413414,
            0.8872957229614258
          ],
          "network.2.weight": [
            [
              0.5712906122207642,
              -0.45317527651786804,
              -0.45773637294769287,
              -0.5318782925605774,
              -0.10451016575098038,
              0.7118951678276062,
              0.40960419178009033,
              0.6895964741706848
            ]
          ],
          "network.2.bias": [
            0.5975762605667114
          ]
        }
      },
      {
        "mean": [
          0.27740880846977234,
          0.27935564517974854,
          0.9569939374923706,
          0.07919905334711075,
          0.005142561160027981,
          3.412803888320923
        ],
        "std": [
          0.4295370280742645,
          0.4273699223995209,
          0.1426820307970047,
          0.20399466156959534,
          0.011088277213275433,
          0.4006946384906769
        ],
        "model_state": {
          "network.0.weight": [
            [
              0.3425147831439972,
              -0.2816864252090454,
              -0.4909299612045288,
              0.7096230983734131,
              1.589862585067749,
              -0.18538571894168854
            ],
            [
              -0.10910262167453766,
              0.03244458884000778,
              0.24514999985694885,
              0.016951147466897964,
              -0.04832446202635765,
              -0.05958511307835579
            ],
            [
              0.04317186400294304,
              -0.013376642018556595,
              -0.47586590051651,
              0.9928475022315979,
              0.10578005760908127,
              -0.20490604639053345
            ],
            [
              0.043302711099386215,
              -0.09967947751283646,
              -0.13946476578712463,
              0.12187757343053818,
              -0.016402924433350563,
              0.037869226187467575
            ],
            [
              0.20570456981658936,
              -0.08125076442956924,
              0.04239961877465248,
              0.13942842185497284,
              0.174159973859787,
              0.18194320797920227
            ],
            [
              -0.24779409170150757,
              -0.15663264691829681,
              0.3454509973526001,
              -0.5253153443336487,
              -0.6839491128921509,
              -0.3890940546989441
            ],
            [
              0.46574723720550537,
              -0.2902577817440033,
              0.3517388701438904,
              -0.1726440042257309,
              -0.3351975679397583,
              0.2570902705192566
            ],
            [
              0.28051048517227173,
              0.14903423190116882,
              0.16017146408557892,
              0.07147292047739029,
              -0.22464680671691895,
              -0.22639812529087067
            ]
          ],
          "network.0.bias": [
            0.11281084269285202,
            0.6029934287071228,
            -0.1049182340502739,
            0.7681668400764465,
            0.9000750184059143,
            0.20847494900226593,
            0.038974616676568985,
            -0.07198166102170944
          ],
          "network.2.weight": [
            [
              -0.5033701062202454,
              0.6733213067054749,
              -0.4925921857357025,
              0.8611666560173035,
              0.6883145570755005,
              0.428672730922699,
              0.03882716968655586,
              -0.05164973810315132
            ]
          ],
          "network.2.bias": [
            0.4061979651451111
          ]
        }
      },
      {
        "mean": [
          0.2861691117286682,
          0.2854764461517334,
          0.9562856554985046,
          0.07824869453907013,
          0.004275427665561438,
          3.412803888320923,
          0.7218046188354492,
          0.5629028677940369,
          0.16731701791286469,
          0.3546110689640045
        ],
        "std": [
          0.43396836519241333,
          0.431405633687973,
          0.14739924669265747,
          0.20609977841377258,
          0.009823855012655258,
          0.4006946384906769,
          0.13110381364822388,
          0.12771834433078766,
          0.2761757969856262,
          0.03235696628689766
        ],
        "model_state": {
          "network.0.weight": [
            [
              0.4180002510547638,
              0.10032587498426437,
              -0.23892347514629364,
              0.1619798094034195,
              -0.038445502519607544,
              -0.0767529234290123,
              0.2748582065105438,
              -0.11816555261611938,
              -0.3822692334651947,
              -0.48108410835266113
            ],
            [
              0.17504899203777313,
              0.1587953120470047,
              -0.15759378671646118,
              0.16135716438293457,
              0.2150316685438156,
              -0.1463799625635147,
              0.38457438349723816,
              -0.1098552942276001,
              -0.6777495741844177,
              -0.5794805884361267
            ],
            [
              0.20843282341957092,
              0.019035441800951958,
              0.5452976822853088,
              -0.193235844373703,
              -0.40036898851394653,
              0.044547103345394135,
              -0.3718234598636627,
              0.11511947959661484,
              -0.17491956055164337,
              -0.3687911331653595
            ],
            [
              0.04382149502635002,
              -0.23180106282234192,
              0.048007600009441376,
              -0.249024897813797,
              -0.2495565265417099,
              0.22382031381130219,
              -0.008370526134967804,
              0.2067151516675949,
              -0.9908264875411987,
              -0.780998945236206
            ],
            [
              0.1301516741514206,
              0.24409884214401245,
              -0.5533521175384521,
              1.109864354133606,
              0.0998510792851448,
              0.2377527505159378,
              -0.09501074254512787,
              -0.06458202749490738,
              -0.5023568868637085,
              -0.40325927734375
            ],
            [
              0.1379549503326416,
              0.36426085233688354,
              0.3110487759113312,
              -0.5080735087394714,
              -0.4400177597999573,
              -0.7292541861534119,
              0.07384774088859558,
              -0.054180487990379333,
              -0.11221536248922348,
              0.20787881314754486
            ],
            [
              0.0855165347456932,
              0.16169092059135437,
              -0.20358242094516754,
              1.7053401470184326,
              1.5056371688842773,
              -0.08771132677793503,
              -0.2234320342540741,
              0.09299589693546295,
              0.04488576576113701,
              0.13853710889816284
            ],
            [
              0.06172781437635422,
              0.15583741664886475,
              0.2766740024089813,
              -1.0499647855758667,
              -0.690589427947998,
              0.30135542154312134,
              0.09262900799512863,
              -0.10669773817062378,
              -0.08577834814786911,
              0.2789902687072754
            ]
          ],
          "network.0.bias": [
            -0.8265772461891174,
            0.8902558088302612,
            0.3961792290210724,
            -0.3766283690929413,
            -0.4429272413253784,
            -0.1369701474905014,
            0.6525940895080566,
            0.013612906448543072
          ],
          "network.2.weight": [
            [
              -0.41920238733291626,
              1.0280039310455322,
              0.39847642183303833,
              -0.49201610684394836,
              -0.3848106563091278,
              -0.3249668478965759,
              -1.0103501081466675,
              0.4100538492202759
            ]
          ],
          "network.2.bias": [
            0.7350571155548096
          ]
        }
      }
    ],
    "router": {
      "bias": [
        -0.015940774232149124,
        -0.05731724575161934,
        0.14916178584098816
      ],
      "temperature": 1.7307628393173218,
      "fallback_beta": 1.9940152168273926
    },
    "decision_threshold": 0.5449999570846558
  },
  "adoption_decision": {
    "strongest_single_route": "two_dimensional",
    "mcc_gain": 0.009944710181463479,
    "auprc_delta": 0.017572018434289238,
    "brier_delta": -0.008212577551603317,
    "winning_folds": 3,
    "checks": {
      "mcc_gain_at_least_0.005": true,
      "auprc_drop_no_more_than_0.003": true,
      "brier_not_worse": true,
      "wins_at_least_3_of_5_folds": true
    },
    "adopt": true
  }
}
TRIROUTE OOF EXPORT AND ROUTING COMPLETE
